21:40:38.309 [main] INFO  org.testng.internal.Utils - [TestNG] Running:
  D:\Nikhil_Java\Selenium\testng.xml

21:40:41.589 [main] INFO  testCases.TC02_LoginTest - Starting TC02_LoginTest
21:40:42.616 [main] INFO  testCases.TC02_LoginTest - clicked on Login
21:40:42.619 [main] INFO  testCases.TC02_LoginTest - providing values to the login fields
21:41:03.262 [main] ERROR testCases.TC02_LoginTest - test failed..
21:59:10.950 [main] INFO  org.testng.internal.Utils - [TestNG] Running:
  D:\Nikhil_Java\Selenium\testng.xml

21:59:15.191 [main] INFO  testCases.TC02_LoginTest - Starting TC02_LoginTest
21:59:18.196 [main] INFO  testCases.TC02_LoginTest - clicked on Login
21:59:18.202 [main] INFO  testCases.TC02_LoginTest - providing values to the login fields
21:59:37.457 [main] ERROR testCases.TC02_LoginTest - test failed..
21:59:42.115 [main] INFO  org.testng.internal.Utils - [TestNG] Running:
  D:\Nikhil_Java\Selenium\testng.xml

21:59:46.444 [main] INFO  testCases.TC02_LoginTest - Starting TC02_LoginTest
21:59:47.382 [main] INFO  testCases.TC02_LoginTest - clicked on Login
21:59:47.386 [main] INFO  testCases.TC02_LoginTest - providing values to the login fields
21:59:57.448 [main] ERROR testCases.TC02_LoginTest - test failed..
22:00:20.229 [main] INFO  org.testng.internal.Utils - [TestNG] Running:
  D:\Nikhil_Java\Selenium\testng.xml

22:00:23.186 [main] INFO  testCases.TC02_LoginTest - Starting TC02_LoginTest
22:00:23.995 [main] INFO  testCases.TC02_LoginTest - clicked on Login
22:00:23.996 [main] INFO  testCases.TC02_LoginTest - providing values to the login fields
22:00:44.736 [main] ERROR testCases.TC02_LoginTest - test failed..
22:15:45.919 [main] INFO  org.testng.internal.Utils - [TestNG] Running:
  D:\Nikhil_Java\Selenium\testng.xml

22:25:40.517 [main] INFO  org.testng.internal.Utils - [TestNG] Running:
  D:\Nikhil_Java\Selenium\testng.xml

22:26:53.896 [main] DEBUG org.testng.TestNG - suiteXmlPath: "D:\Nikhil_Java\Selenium\testng.xml"
22:26:54.134 [main] INFO  org.testng.internal.Utils - [TestNG] Running:
  D:\Nikhil_Java\Selenium\testng.xml

22:29:36.759 [main] DEBUG org.testng.TestNG - suiteXmlPath: "D:\Nikhil_Java\Selenium\testng.xml"
22:29:37.015 [main] INFO  org.testng.internal.Utils - [TestNG] Running:
  D:\Nikhil_Java\Selenium\testng.xml

22:36:53.328 [main] DEBUG org.testng.TestNG - suiteXmlPath: "C:\Users\NIKHIL\AppData\Local\Temp\testng-eclipse--1411240844\testng-customsuite.xml"
22:36:53.556 [main] INFO  org.testng.internal.Utils - [Utils] MethodGroupsHelper.collectMethodsByGroup() took 0 ms.
22:36:53.561 [main] INFO  org.testng.internal.Utils - [Utils] MethodGroupsHelper.sortMethods() took 0 ms.
22:36:53.562 [main] INFO  org.testng.internal.Utils - [Utils] MethodGroupsHelper.collectMethodsByGroup() took 0 ms.
22:36:53.563 [main] INFO  org.testng.internal.Utils - [Utils] MethodGroupsHelper.sortMethods() took 0 ms.
22:36:53.564 [main] INFO  org.testng.internal.Utils - [Utils] MethodGroupsHelper.collectMethodsByGroup() took 0 ms.
22:36:53.564 [main] INFO  org.testng.internal.Utils - [Utils] MethodGroupsHelper.sortMethods() took 0 ms.
22:36:53.565 [main] INFO  org.testng.internal.Utils - [Utils] MethodGroupsHelper.collectMethodsByGroup() took 0 ms.
22:36:53.565 [main] INFO  org.testng.internal.Utils - [Utils] MethodGroupsHelper.sortMethods() took 0 ms.
22:36:53.571 [main] INFO  org.testng.internal.Utils - [Utils] MethodGroupsHelper.collectMethodsByGroup() took 2 ms.
22:36:53.582 [main] INFO  org.testng.internal.Utils - [Utils] MethodGroupsHelper.sortMethods() took 10 ms.
22:36:53.584 [main] INFO  org.testng.internal.Utils - [Utils] MethodGroupsHelper.collectMethodsByGroup() took 0 ms.
22:36:53.586 [main] INFO  org.testng.internal.Utils - [Utils] MethodGroupsHelper.sortMethods() took 0 ms.
22:36:53.586 [main] INFO  org.testng.internal.Utils - [Utils] MethodGroupsHelper.collectMethodsByGroup() took 0 ms.
22:36:53.587 [main] INFO  org.testng.internal.Utils - [Utils] MethodGroupsHelper.sortMethods() took 0 ms.
22:36:53.587 [main] INFO  org.testng.internal.Utils - [Utils] MethodGroupsHelper.collectMethodsByGroup() took 0 ms.
22:36:53.587 [main] INFO  org.testng.internal.Utils - [Utils] MethodGroupsHelper.sortMethods() took 0 ms.
22:36:53.590 [main] INFO  org.testng.internal.Utils - [Utils] MethodGroupsHelper.collectMethodsByGroup() took 0 ms.
22:36:53.590 [main] INFO  org.testng.internal.Utils - [Utils] MethodGroupsHelper.sortMethods() took 0 ms.
22:36:53.591 [main] INFO  org.testng.internal.Utils - [Utils] MethodGroupsHelper.collectMethodsByGroup() took 0 ms.
22:36:53.591 [main] INFO  org.testng.internal.Utils - [Utils] MethodGroupsHelper.sortMethods() took 0 ms.
22:36:53.594 [main] INFO  org.testng.internal.Utils - [Utils] MethodGroupsHelper.collectMethodsByGroup() took 0 ms.
22:36:53.595 [main] INFO  org.testng.internal.Utils - [Utils] MethodGroupsHelper.sortMethods() took 0 ms.
22:36:53.595 [main] INFO  org.testng.internal.Utils - [Utils] MethodGroupsHelper.collectMethodsByGroup() took 0 ms.
22:36:53.595 [main] INFO  org.testng.internal.Utils - [Utils] MethodGroupsHelper.sortMethods() took 0 ms.
22:36:53.596 [main] INFO  org.testng.internal.Utils - [Utils] MethodGroupsHelper.collectMethodsByGroup() took 0 ms.
22:36:53.597 [main] INFO  org.testng.internal.Utils - [Utils] MethodGroupsHelper.sortMethods() took 0 ms.
22:36:53.599 [main] INFO  org.testng.internal.Utils - [Utils] MethodGroupsHelper.collectMethodsByGroup() took 0 ms.
22:36:53.599 [main] INFO  org.testng.internal.Utils - [Utils] MethodGroupsHelper.sortMethods() took 0 ms.
22:36:53.599 [main] INFO  org.testng.internal.Utils - [Utils] MethodGroupsHelper.collectMethodsByGroup() took 0 ms.
22:36:53.600 [main] INFO  org.testng.internal.Utils - [Utils] MethodGroupsHelper.sortMethods() took 0 ms.
22:36:53.609 [main] INFO  org.testng.internal.Utils - [TestNG] Running:
  C:\Users\NIKHIL\AppData\Local\Temp\testng-eclipse--1411240844\testng-customsuite.xml

22:36:53.627 [main] INFO  org.testng.internal.Utils - [Utils] DynamicGraphHelper.createDynamicGraph() took 3 ms.
22:36:53.730 [main] ERROR org.testng.internal.Utils - [Error] java.lang.NoSuchMethodError: &apos;org.apache.commons.io.input.BoundedInputStream$Builder org.apache.commons.io.input.BoundedInputStream.builder()&apos;
	at org.apache.poi.util.IOUtils.peekFirstNBytes(IOUtils.java:153)
	at org.apache.poi.poifs.filesystem.FileMagic.valueOf(FileMagic.java:209)
	at org.apache.poi.openxml4j.opc.internal.ZipHelper.verifyZipHeader(ZipHelper.java:147)
	at org.apache.poi.openxml4j.opc.internal.ZipHelper.openZipStream(ZipHelper.java:191)
	at org.apache.poi.openxml4j.opc.ZipPackage.&lt;init&gt;(ZipPackage.java:210)
	at org.apache.poi.openxml4j.opc.OPCPackage.open(OPCPackage.java:518)
	at org.apache.poi.openxml4j.opc.OPCPackage.open(OPCPackage.java:491)
	at org.apache.poi.ooxml.util.PackageHelper.open(PackageHelper.java:67)
	at org.apache.poi.xssf.usermodel.XSSFWorkbook.&lt;init&gt;(XSSFWorkbook.java:318)
	at org.apache.poi.xssf.usermodel.XSSFWorkbook.&lt;init&gt;(XSSFWorkbook.java:292)
	at utilities.ExcelUtility.getRowCount(ExcelUtility.java:37)
	at utilities.DataProviders.getData(DataProviders.java:18)
	at java.base/jdk.internal.reflect.DirectMethodHandleAccessor.invoke(DirectMethodHandleAccessor.java:104)
	at java.base/java.lang.reflect.Method.invoke(Method.java:565)
	at org.testng.internal.invokers.MethodInvocationHelper.invokeMethod(MethodInvocationHelper.java:141)
	at org.testng.internal.invokers.MethodInvocationHelper.invokeMethod(MethodInvocationHelper.java:86)
	at org.testng.internal.invokers.MethodInvocationHelper.invokeMethodNoCheckedException(MethodInvocationHelper.java:54)
	at org.testng.internal.invokers.MethodInvocationHelper.invokeDataProvider(MethodInvocationHelper.java:159)
	at org.testng.internal.Parameters.handleParameters(Parameters.java:809)
	at org.testng.internal.Parameters.handleParameters(Parameters.java:734)
	at org.testng.internal.invokers.ParameterHandler.handleParameters(ParameterHandler.java:72)
	at org.testng.internal.invokers.ParameterHandler.createParameters(ParameterHandler.java:51)
	at org.testng.internal.invokers.TestInvoker$MethodInvocationAgent.invoke(TestInvoker.java:949)
	at org.testng.internal.invokers.TestInvoker.invokeTestMethods(TestInvoker.java:203)
	at org.testng.internal.invokers.TestMethodWorker.invokeTestMethods(TestMethodWorker.java:154)
	at org.testng.internal.invokers.TestMethodWorker.run(TestMethodWorker.java:134)
	at java.base/java.util.ArrayList.forEach(ArrayList.java:1604)
	at org.testng.TestRunner.privateRun(TestRunner.java:741)
	at org.testng.TestRunner.run(TestRunner.java:616)
	at org.testng.SuiteRunner.runTest(SuiteRunner.java:421)
	at org.testng.SuiteRunner.runSequentially(SuiteRunner.java:413)
	at org.testng.SuiteRunner.privateRun(SuiteRunner.java:373)
	at org.testng.SuiteRunner.run(SuiteRunner.java:312)
	at org.testng.SuiteRunnerWorker.runSuite(SuiteRunnerWorker.java:52)
	at org.testng.SuiteRunnerWorker.run(SuiteRunnerWorker.java:95)
	at org.testng.TestNG.runSuitesSequentially(TestNG.java:1274)
	at org.testng.TestNG.runSuitesLocally(TestNG.java:1208)
	at org.testng.TestNG.runSuites(TestNG.java:1112)
	at org.testng.TestNG.run(TestNG.java:1079)
	at org.testng.remote.AbstractRemoteTestNG.run(AbstractRemoteTestNG.java:115)
	at org.testng.remote.RemoteTestNG.initAndRun(RemoteTestNG.java:293)
	at org.testng.remote.RemoteTestNG.main(RemoteTestNG.java:91)

22:36:53.830 [main] INFO  org.testng.internal.Utils - [TestNG] Time taken by org.testng.reporters.jq.Main@68ad99fe: 39 ms
22:36:53.841 [main] INFO  org.testng.internal.Utils - [TestNG] Time taken by org.testng.reporters.FailedReporter@4e858e0a: 11 ms
22:36:53.848 [main] INFO  org.testng.internal.Utils - [TestNG] Time taken by org.testng.reporters.XMLReporter@14d14731: 7 ms
22:36:53.854 [main] INFO  org.testng.internal.Utils - [TestNG] Time taken by org.testng.reporters.EmailableReporter2@33aeca0b: 6 ms
22:36:53.859 [main] INFO  org.testng.internal.Utils - [TestNG] Time taken by org.testng.reporters.JUnitReportReporter@2f6e28bc: 4 ms
22:36:53.860 [main] INFO  org.testng.internal.Utils - [TestNG] Time taken by org.testng.internal.ExitCodeListener@7c098bb3: 0 ms
22:43:18.728 [main] DEBUG org.testng.TestNG - suiteXmlPath: "D:\Nikhil_Java\Selenium\testng.xml"
22:43:18.978 [main] INFO  org.testng.internal.Utils - [TestNG] Running:
  D:\Nikhil_Java\Selenium\testng.xml

22:43:29.666 [main] DEBUG org.apache.poi.openxml4j.opc.PackageRelationshipCollection - Parsing relationship: /xl/_rels/workbook.xml.rels
22:43:29.672 [main] DEBUG org.apache.poi.openxml4j.opc.PackageRelationshipCollection - Parsing relationship: /xl/worksheets/_rels/sheet1.xml.rels
22:43:29.675 [main] DEBUG org.apache.poi.openxml4j.opc.PackageRelationshipCollection - Parsing relationship: /_rels/.rels
22:43:30.642 [main] DEBUG org.apache.poi.openxml4j.opc.PackageRelationshipCollection - Parsing relationship: /xl/_rels/workbook.xml.rels
22:43:30.646 [main] DEBUG org.apache.poi.openxml4j.opc.PackageRelationshipCollection - Parsing relationship: /xl/worksheets/_rels/sheet1.xml.rels
22:43:30.648 [main] DEBUG org.apache.poi.openxml4j.opc.PackageRelationshipCollection - Parsing relationship: /_rels/.rels
22:43:30.692 [main] DEBUG org.apache.poi.openxml4j.opc.PackageRelationshipCollection - Parsing relationship: /xl/_rels/workbook.xml.rels
22:43:30.694 [main] DEBUG org.apache.poi.openxml4j.opc.PackageRelationshipCollection - Parsing relationship: /xl/worksheets/_rels/sheet1.xml.rels
22:43:30.697 [main] DEBUG org.apache.poi.openxml4j.opc.PackageRelationshipCollection - Parsing relationship: /_rels/.rels
22:43:30.754 [main] DEBUG org.apache.poi.openxml4j.opc.PackageRelationshipCollection - Parsing relationship: /xl/_rels/workbook.xml.rels
22:43:30.754 [main] DEBUG org.apache.poi.openxml4j.opc.PackageRelationshipCollection - Parsing relationship: /xl/worksheets/_rels/sheet1.xml.rels
22:43:30.759 [main] DEBUG org.apache.poi.openxml4j.opc.PackageRelationshipCollection - Parsing relationship: /_rels/.rels
22:43:30.802 [main] DEBUG org.apache.poi.openxml4j.opc.PackageRelationshipCollection - Parsing relationship: /xl/_rels/workbook.xml.rels
22:43:30.802 [main] DEBUG org.apache.poi.openxml4j.opc.PackageRelationshipCollection - Parsing relationship: /xl/worksheets/_rels/sheet1.xml.rels
22:43:30.810 [main] DEBUG org.apache.poi.openxml4j.opc.PackageRelationshipCollection - Parsing relationship: /_rels/.rels
22:43:30.847 [main] DEBUG org.apache.poi.openxml4j.opc.PackageRelationshipCollection - Parsing relationship: /xl/_rels/workbook.xml.rels
22:43:30.850 [main] DEBUG org.apache.poi.openxml4j.opc.PackageRelationshipCollection - Parsing relationship: /xl/worksheets/_rels/sheet1.xml.rels
22:43:30.852 [main] DEBUG org.apache.poi.openxml4j.opc.PackageRelationshipCollection - Parsing relationship: /_rels/.rels
22:43:30.891 [main] DEBUG org.apache.poi.openxml4j.opc.PackageRelationshipCollection - Parsing relationship: /xl/_rels/workbook.xml.rels
22:43:30.894 [main] DEBUG org.apache.poi.openxml4j.opc.PackageRelationshipCollection - Parsing relationship: /xl/worksheets/_rels/sheet1.xml.rels
22:43:30.897 [main] DEBUG org.apache.poi.openxml4j.opc.PackageRelationshipCollection - Parsing relationship: /_rels/.rels
22:43:30.934 [main] DEBUG org.apache.poi.openxml4j.opc.PackageRelationshipCollection - Parsing relationship: /xl/_rels/workbook.xml.rels
22:43:30.934 [main] DEBUG org.apache.poi.openxml4j.opc.PackageRelationshipCollection - Parsing relationship: /xl/worksheets/_rels/sheet1.xml.rels
22:43:30.938 [main] DEBUG org.apache.poi.openxml4j.opc.PackageRelationshipCollection - Parsing relationship: /_rels/.rels
22:43:30.976 [main] DEBUG org.apache.poi.openxml4j.opc.PackageRelationshipCollection - Parsing relationship: /xl/_rels/workbook.xml.rels
22:43:30.976 [main] DEBUG org.apache.poi.openxml4j.opc.PackageRelationshipCollection - Parsing relationship: /xl/worksheets/_rels/sheet1.xml.rels
22:43:30.980 [main] DEBUG org.apache.poi.openxml4j.opc.PackageRelationshipCollection - Parsing relationship: /_rels/.rels
22:43:31.020 [main] DEBUG org.apache.poi.openxml4j.opc.PackageRelationshipCollection - Parsing relationship: /xl/_rels/workbook.xml.rels
22:43:31.021 [main] DEBUG org.apache.poi.openxml4j.opc.PackageRelationshipCollection - Parsing relationship: /xl/worksheets/_rels/sheet1.xml.rels
22:43:31.024 [main] DEBUG org.apache.poi.openxml4j.opc.PackageRelationshipCollection - Parsing relationship: /_rels/.rels
22:43:31.054 [main] DEBUG org.apache.poi.openxml4j.opc.PackageRelationshipCollection - Parsing relationship: /xl/_rels/workbook.xml.rels
22:43:31.054 [main] DEBUG org.apache.poi.openxml4j.opc.PackageRelationshipCollection - Parsing relationship: /xl/worksheets/_rels/sheet1.xml.rels
22:43:31.063 [main] DEBUG org.apache.poi.openxml4j.opc.PackageRelationshipCollection - Parsing relationship: /_rels/.rels
22:43:31.120 [main] INFO  testCases.TC03_LoginDDT - Starting the TC03_LoginDDT
22:43:33.006 [main] INFO  testCases.TC03_LoginDDT - clicked on Login
22:43:33.014 [main] INFO  testCases.TC03_LoginDDT - providing values to the login fields
22:43:55.138 [main] INFO  testCases.TC03_LoginDDT - Starting the TC03_LoginDDT
22:43:55.150 [main] INFO  testCases.TC03_LoginDDT - Starting the TC03_LoginDDT
22:45:02.969 [main] DEBUG org.testng.TestNG - suiteXmlPath: "D:\Nikhil_Java\Selenium\testng.xml"
22:45:03.238 [main] INFO  org.testng.internal.Utils - [TestNG] Running:
  D:\Nikhil_Java\Selenium\testng.xml

22:45:07.278 [main] DEBUG org.apache.poi.openxml4j.opc.PackageRelationshipCollection - Parsing relationship: /xl/_rels/workbook.xml.rels
22:45:07.284 [main] DEBUG org.apache.poi.openxml4j.opc.PackageRelationshipCollection - Parsing relationship: /xl/worksheets/_rels/sheet1.xml.rels
22:45:07.286 [main] DEBUG org.apache.poi.openxml4j.opc.PackageRelationshipCollection - Parsing relationship: /_rels/.rels
22:45:08.049 [main] DEBUG org.apache.poi.openxml4j.opc.PackageRelationshipCollection - Parsing relationship: /xl/_rels/workbook.xml.rels
22:45:08.052 [main] DEBUG org.apache.poi.openxml4j.opc.PackageRelationshipCollection - Parsing relationship: /xl/worksheets/_rels/sheet1.xml.rels
22:45:08.054 [main] DEBUG org.apache.poi.openxml4j.opc.PackageRelationshipCollection - Parsing relationship: /_rels/.rels
22:45:08.099 [main] DEBUG org.apache.poi.openxml4j.opc.PackageRelationshipCollection - Parsing relationship: /xl/_rels/workbook.xml.rels
22:45:08.102 [main] DEBUG org.apache.poi.openxml4j.opc.PackageRelationshipCollection - Parsing relationship: /xl/worksheets/_rels/sheet1.xml.rels
22:45:08.102 [main] DEBUG org.apache.poi.openxml4j.opc.PackageRelationshipCollection - Parsing relationship: /_rels/.rels
22:45:08.156 [main] DEBUG org.apache.poi.openxml4j.opc.PackageRelationshipCollection - Parsing relationship: /xl/_rels/workbook.xml.rels
22:45:08.156 [main] DEBUG org.apache.poi.openxml4j.opc.PackageRelationshipCollection - Parsing relationship: /xl/worksheets/_rels/sheet1.xml.rels
22:45:08.159 [main] DEBUG org.apache.poi.openxml4j.opc.PackageRelationshipCollection - Parsing relationship: /_rels/.rels
22:45:08.201 [main] DEBUG org.apache.poi.openxml4j.opc.PackageRelationshipCollection - Parsing relationship: /xl/_rels/workbook.xml.rels
22:45:08.203 [main] DEBUG org.apache.poi.openxml4j.opc.PackageRelationshipCollection - Parsing relationship: /xl/worksheets/_rels/sheet1.xml.rels
22:45:08.205 [main] DEBUG org.apache.poi.openxml4j.opc.PackageRelationshipCollection - Parsing relationship: /_rels/.rels
22:45:08.237 [main] DEBUG org.apache.poi.openxml4j.opc.PackageRelationshipCollection - Parsing relationship: /xl/_rels/workbook.xml.rels
22:45:08.238 [main] DEBUG org.apache.poi.openxml4j.opc.PackageRelationshipCollection - Parsing relationship: /xl/worksheets/_rels/sheet1.xml.rels
22:45:08.238 [main] DEBUG org.apache.poi.openxml4j.opc.PackageRelationshipCollection - Parsing relationship: /_rels/.rels
22:45:08.266 [main] DEBUG org.apache.poi.openxml4j.opc.PackageRelationshipCollection - Parsing relationship: /xl/_rels/workbook.xml.rels
22:45:08.268 [main] DEBUG org.apache.poi.openxml4j.opc.PackageRelationshipCollection - Parsing relationship: /xl/worksheets/_rels/sheet1.xml.rels
22:45:08.268 [main] DEBUG org.apache.poi.openxml4j.opc.PackageRelationshipCollection - Parsing relationship: /_rels/.rels
22:45:08.306 [main] DEBUG org.apache.poi.openxml4j.opc.PackageRelationshipCollection - Parsing relationship: /xl/_rels/workbook.xml.rels
22:45:08.306 [main] DEBUG org.apache.poi.openxml4j.opc.PackageRelationshipCollection - Parsing relationship: /xl/worksheets/_rels/sheet1.xml.rels
22:45:08.311 [main] DEBUG org.apache.poi.openxml4j.opc.PackageRelationshipCollection - Parsing relationship: /_rels/.rels
22:45:08.346 [main] DEBUG org.apache.poi.openxml4j.opc.PackageRelationshipCollection - Parsing relationship: /xl/_rels/workbook.xml.rels
22:45:08.346 [main] DEBUG org.apache.poi.openxml4j.opc.PackageRelationshipCollection - Parsing relationship: /xl/worksheets/_rels/sheet1.xml.rels
22:45:08.348 [main] DEBUG org.apache.poi.openxml4j.opc.PackageRelationshipCollection - Parsing relationship: /_rels/.rels
22:45:08.373 [main] DEBUG org.apache.poi.openxml4j.opc.PackageRelationshipCollection - Parsing relationship: /xl/_rels/workbook.xml.rels
22:45:08.373 [main] DEBUG org.apache.poi.openxml4j.opc.PackageRelationshipCollection - Parsing relationship: /xl/worksheets/_rels/sheet1.xml.rels
22:45:08.377 [main] DEBUG org.apache.poi.openxml4j.opc.PackageRelationshipCollection - Parsing relationship: /_rels/.rels
22:45:08.409 [main] DEBUG org.apache.poi.openxml4j.opc.PackageRelationshipCollection - Parsing relationship: /xl/_rels/workbook.xml.rels
22:45:08.412 [main] DEBUG org.apache.poi.openxml4j.opc.PackageRelationshipCollection - Parsing relationship: /xl/worksheets/_rels/sheet1.xml.rels
22:45:08.412 [main] DEBUG org.apache.poi.openxml4j.opc.PackageRelationshipCollection - Parsing relationship: /_rels/.rels
22:45:08.462 [main] INFO  testCases.TC03_LoginDDT - Starting the TC03_LoginDDT
22:45:09.211 [main] INFO  testCases.TC03_LoginDDT - clicked on Login
22:45:09.214 [main] INFO  testCases.TC03_LoginDDT - providing values to the login fields
22:45:37.945 [main] DEBUG org.testng.TestNG - suiteXmlPath: "D:\Nikhil_Java\Selenium\testng.xml"
22:45:38.184 [main] INFO  org.testng.internal.Utils - [TestNG] Running:
  D:\Nikhil_Java\Selenium\testng.xml

22:45:44.041 [main] DEBUG org.apache.poi.openxml4j.opc.PackageRelationshipCollection - Parsing relationship: /xl/_rels/workbook.xml.rels
22:45:44.045 [main] DEBUG org.apache.poi.openxml4j.opc.PackageRelationshipCollection - Parsing relationship: /xl/worksheets/_rels/sheet1.xml.rels
22:45:44.050 [main] DEBUG org.apache.poi.openxml4j.opc.PackageRelationshipCollection - Parsing relationship: /_rels/.rels
22:45:44.845 [main] DEBUG org.apache.poi.openxml4j.opc.PackageRelationshipCollection - Parsing relationship: /xl/_rels/workbook.xml.rels
22:45:44.849 [main] DEBUG org.apache.poi.openxml4j.opc.PackageRelationshipCollection - Parsing relationship: /xl/worksheets/_rels/sheet1.xml.rels
22:45:44.851 [main] DEBUG org.apache.poi.openxml4j.opc.PackageRelationshipCollection - Parsing relationship: /_rels/.rels
22:45:44.897 [main] DEBUG org.apache.poi.openxml4j.opc.PackageRelationshipCollection - Parsing relationship: /xl/_rels/workbook.xml.rels
22:45:44.904 [main] DEBUG org.apache.poi.openxml4j.opc.PackageRelationshipCollection - Parsing relationship: /xl/worksheets/_rels/sheet1.xml.rels
22:45:44.904 [main] DEBUG org.apache.poi.openxml4j.opc.PackageRelationshipCollection - Parsing relationship: /_rels/.rels
22:45:44.958 [main] DEBUG org.apache.poi.openxml4j.opc.PackageRelationshipCollection - Parsing relationship: /xl/_rels/workbook.xml.rels
22:45:44.961 [main] DEBUG org.apache.poi.openxml4j.opc.PackageRelationshipCollection - Parsing relationship: /xl/worksheets/_rels/sheet1.xml.rels
22:45:44.961 [main] DEBUG org.apache.poi.openxml4j.opc.PackageRelationshipCollection - Parsing relationship: /_rels/.rels
22:45:44.994 [main] DEBUG org.apache.poi.openxml4j.opc.PackageRelationshipCollection - Parsing relationship: /xl/_rels/workbook.xml.rels
22:45:44.994 [main] DEBUG org.apache.poi.openxml4j.opc.PackageRelationshipCollection - Parsing relationship: /xl/worksheets/_rels/sheet1.xml.rels
22:45:45.001 [main] DEBUG org.apache.poi.openxml4j.opc.PackageRelationshipCollection - Parsing relationship: /_rels/.rels
22:45:45.038 [main] DEBUG org.apache.poi.openxml4j.opc.PackageRelationshipCollection - Parsing relationship: /xl/_rels/workbook.xml.rels
22:45:45.040 [main] DEBUG org.apache.poi.openxml4j.opc.PackageRelationshipCollection - Parsing relationship: /xl/worksheets/_rels/sheet1.xml.rels
22:45:45.042 [main] DEBUG org.apache.poi.openxml4j.opc.PackageRelationshipCollection - Parsing relationship: /_rels/.rels
22:45:45.078 [main] DEBUG org.apache.poi.openxml4j.opc.PackageRelationshipCollection - Parsing relationship: /xl/_rels/workbook.xml.rels
22:45:45.083 [main] DEBUG org.apache.poi.openxml4j.opc.PackageRelationshipCollection - Parsing relationship: /xl/worksheets/_rels/sheet1.xml.rels
22:45:45.083 [main] DEBUG org.apache.poi.openxml4j.opc.PackageRelationshipCollection - Parsing relationship: /_rels/.rels
22:45:45.118 [main] DEBUG org.apache.poi.openxml4j.opc.PackageRelationshipCollection - Parsing relationship: /xl/_rels/workbook.xml.rels
22:45:45.120 [main] DEBUG org.apache.poi.openxml4j.opc.PackageRelationshipCollection - Parsing relationship: /xl/worksheets/_rels/sheet1.xml.rels
22:45:45.122 [main] DEBUG org.apache.poi.openxml4j.opc.PackageRelationshipCollection - Parsing relationship: /_rels/.rels
22:45:45.159 [main] DEBUG org.apache.poi.openxml4j.opc.PackageRelationshipCollection - Parsing relationship: /xl/_rels/workbook.xml.rels
22:45:45.162 [main] DEBUG org.apache.poi.openxml4j.opc.PackageRelationshipCollection - Parsing relationship: /xl/worksheets/_rels/sheet1.xml.rels
22:45:45.162 [main] DEBUG org.apache.poi.openxml4j.opc.PackageRelationshipCollection - Parsing relationship: /_rels/.rels
22:45:45.198 [main] DEBUG org.apache.poi.openxml4j.opc.PackageRelationshipCollection - Parsing relationship: /xl/_rels/workbook.xml.rels
22:45:45.198 [main] DEBUG org.apache.poi.openxml4j.opc.PackageRelationshipCollection - Parsing relationship: /xl/worksheets/_rels/sheet1.xml.rels
22:45:45.200 [main] DEBUG org.apache.poi.openxml4j.opc.PackageRelationshipCollection - Parsing relationship: /_rels/.rels
22:45:45.230 [main] DEBUG org.apache.poi.openxml4j.opc.PackageRelationshipCollection - Parsing relationship: /xl/_rels/workbook.xml.rels
22:45:45.230 [main] DEBUG org.apache.poi.openxml4j.opc.PackageRelationshipCollection - Parsing relationship: /xl/worksheets/_rels/sheet1.xml.rels
22:45:45.230 [main] DEBUG org.apache.poi.openxml4j.opc.PackageRelationshipCollection - Parsing relationship: /_rels/.rels
22:45:45.290 [main] INFO  testCases.TC03_LoginDDT - Starting the TC03_LoginDDT
22:45:46.032 [main] INFO  testCases.TC03_LoginDDT - clicked on Login
22:45:46.032 [main] INFO  testCases.TC03_LoginDDT - providing values to the login fields
22:45:58.134 [main] INFO  testCases.TC03_LoginDDT - Starting the TC03_LoginDDT
22:45:58.142 [main] INFO  testCases.TC03_LoginDDT - Starting the TC03_LoginDDT
22:45:59.059 [main] DEBUG org.testng.TestNG - suiteXmlPath: "D:\Nikhil_Java\Selenium\testng.xml"
22:45:59.362 [main] INFO  org.testng.internal.Utils - [TestNG] Running:
  D:\Nikhil_Java\Selenium\testng.xml

22:46:03.123 [main] DEBUG org.apache.poi.openxml4j.opc.PackageRelationshipCollection - Parsing relationship: /xl/_rels/workbook.xml.rels
22:46:03.127 [main] DEBUG org.apache.poi.openxml4j.opc.PackageRelationshipCollection - Parsing relationship: /xl/worksheets/_rels/sheet1.xml.rels
22:46:03.128 [main] DEBUG org.apache.poi.openxml4j.opc.PackageRelationshipCollection - Parsing relationship: /_rels/.rels
22:46:03.894 [main] DEBUG org.apache.poi.openxml4j.opc.PackageRelationshipCollection - Parsing relationship: /xl/_rels/workbook.xml.rels
22:46:03.899 [main] DEBUG org.apache.poi.openxml4j.opc.PackageRelationshipCollection - Parsing relationship: /xl/worksheets/_rels/sheet1.xml.rels
22:46:03.899 [main] DEBUG org.apache.poi.openxml4j.opc.PackageRelationshipCollection - Parsing relationship: /_rels/.rels
22:46:03.949 [main] DEBUG org.apache.poi.openxml4j.opc.PackageRelationshipCollection - Parsing relationship: /xl/_rels/workbook.xml.rels
22:46:03.949 [main] DEBUG org.apache.poi.openxml4j.opc.PackageRelationshipCollection - Parsing relationship: /xl/worksheets/_rels/sheet1.xml.rels
22:46:03.949 [main] DEBUG org.apache.poi.openxml4j.opc.PackageRelationshipCollection - Parsing relationship: /_rels/.rels
22:46:04.005 [main] DEBUG org.apache.poi.openxml4j.opc.PackageRelationshipCollection - Parsing relationship: /xl/_rels/workbook.xml.rels
22:46:04.007 [main] DEBUG org.apache.poi.openxml4j.opc.PackageRelationshipCollection - Parsing relationship: /xl/worksheets/_rels/sheet1.xml.rels
22:46:04.009 [main] DEBUG org.apache.poi.openxml4j.opc.PackageRelationshipCollection - Parsing relationship: /_rels/.rels
22:46:04.044 [main] DEBUG org.apache.poi.openxml4j.opc.PackageRelationshipCollection - Parsing relationship: /xl/_rels/workbook.xml.rels
22:46:04.046 [main] DEBUG org.apache.poi.openxml4j.opc.PackageRelationshipCollection - Parsing relationship: /xl/worksheets/_rels/sheet1.xml.rels
22:46:04.046 [main] DEBUG org.apache.poi.openxml4j.opc.PackageRelationshipCollection - Parsing relationship: /_rels/.rels
22:46:04.077 [main] DEBUG org.apache.poi.openxml4j.opc.PackageRelationshipCollection - Parsing relationship: /xl/_rels/workbook.xml.rels
22:46:04.079 [main] DEBUG org.apache.poi.openxml4j.opc.PackageRelationshipCollection - Parsing relationship: /xl/worksheets/_rels/sheet1.xml.rels
22:46:04.081 [main] DEBUG org.apache.poi.openxml4j.opc.PackageRelationshipCollection - Parsing relationship: /_rels/.rels
22:46:04.115 [main] DEBUG org.apache.poi.openxml4j.opc.PackageRelationshipCollection - Parsing relationship: /xl/_rels/workbook.xml.rels
22:46:04.117 [main] DEBUG org.apache.poi.openxml4j.opc.PackageRelationshipCollection - Parsing relationship: /xl/worksheets/_rels/sheet1.xml.rels
22:46:04.117 [main] DEBUG org.apache.poi.openxml4j.opc.PackageRelationshipCollection - Parsing relationship: /_rels/.rels
22:46:04.152 [main] DEBUG org.apache.poi.openxml4j.opc.PackageRelationshipCollection - Parsing relationship: /xl/_rels/workbook.xml.rels
22:46:04.152 [main] DEBUG org.apache.poi.openxml4j.opc.PackageRelationshipCollection - Parsing relationship: /xl/worksheets/_rels/sheet1.xml.rels
22:46:04.152 [main] DEBUG org.apache.poi.openxml4j.opc.PackageRelationshipCollection - Parsing relationship: /_rels/.rels
22:46:04.190 [main] DEBUG org.apache.poi.openxml4j.opc.PackageRelationshipCollection - Parsing relationship: /xl/_rels/workbook.xml.rels
22:46:04.192 [main] DEBUG org.apache.poi.openxml4j.opc.PackageRelationshipCollection - Parsing relationship: /xl/worksheets/_rels/sheet1.xml.rels
22:46:04.192 [main] DEBUG org.apache.poi.openxml4j.opc.PackageRelationshipCollection - Parsing relationship: /_rels/.rels
22:46:04.224 [main] DEBUG org.apache.poi.openxml4j.opc.PackageRelationshipCollection - Parsing relationship: /xl/_rels/workbook.xml.rels
22:46:04.228 [main] DEBUG org.apache.poi.openxml4j.opc.PackageRelationshipCollection - Parsing relationship: /xl/worksheets/_rels/sheet1.xml.rels
22:46:04.228 [main] DEBUG org.apache.poi.openxml4j.opc.PackageRelationshipCollection - Parsing relationship: /_rels/.rels
22:46:04.256 [main] DEBUG org.apache.poi.openxml4j.opc.PackageRelationshipCollection - Parsing relationship: /xl/_rels/workbook.xml.rels
22:46:04.256 [main] DEBUG org.apache.poi.openxml4j.opc.PackageRelationshipCollection - Parsing relationship: /xl/worksheets/_rels/sheet1.xml.rels
22:46:04.261 [main] DEBUG org.apache.poi.openxml4j.opc.PackageRelationshipCollection - Parsing relationship: /_rels/.rels
22:46:04.311 [main] INFO  testCases.TC03_LoginDDT - Starting the TC03_LoginDDT
22:46:04.999 [main] INFO  testCases.TC03_LoginDDT - clicked on Login
22:46:04.999 [main] INFO  testCases.TC03_LoginDDT - providing values to the login fields
22:46:15.087 [main] INFO  testCases.TC03_LoginDDT - Starting the TC03_LoginDDT
22:46:25.156 [main] INFO  testCases.TC03_LoginDDT - Starting the TC03_LoginDDT
22:51:07.454 [main] DEBUG org.testng.TestNG - suiteXmlPath: "D:\Nikhil_Java\Selenium\testng.xml"
22:51:07.717 [main] INFO  org.testng.internal.Utils - [TestNG] Running:
  D:\Nikhil_Java\Selenium\testng.xml

22:51:18.479 [main] DEBUG org.apache.poi.openxml4j.opc.PackageRelationshipCollection - Parsing relationship: /xl/_rels/workbook.xml.rels
22:51:18.479 [main] DEBUG org.apache.poi.openxml4j.opc.PackageRelationshipCollection - Parsing relationship: /xl/worksheets/_rels/sheet1.xml.rels
22:51:18.479 [main] DEBUG org.apache.poi.openxml4j.opc.PackageRelationshipCollection - Parsing relationship: /_rels/.rels
22:51:19.293 [main] DEBUG org.apache.poi.openxml4j.opc.PackageRelationshipCollection - Parsing relationship: /xl/_rels/workbook.xml.rels
22:51:19.293 [main] DEBUG org.apache.poi.openxml4j.opc.PackageRelationshipCollection - Parsing relationship: /xl/worksheets/_rels/sheet1.xml.rels
22:51:19.293 [main] DEBUG org.apache.poi.openxml4j.opc.PackageRelationshipCollection - Parsing relationship: /_rels/.rels
22:51:19.348 [main] DEBUG org.apache.poi.openxml4j.opc.PackageRelationshipCollection - Parsing relationship: /xl/_rels/workbook.xml.rels
22:51:19.348 [main] DEBUG org.apache.poi.openxml4j.opc.PackageRelationshipCollection - Parsing relationship: /xl/worksheets/_rels/sheet1.xml.rels
22:51:19.352 [main] DEBUG org.apache.poi.openxml4j.opc.PackageRelationshipCollection - Parsing relationship: /_rels/.rels
22:51:19.402 [main] DEBUG org.apache.poi.openxml4j.opc.PackageRelationshipCollection - Parsing relationship: /xl/_rels/workbook.xml.rels
22:51:19.402 [main] DEBUG org.apache.poi.openxml4j.opc.PackageRelationshipCollection - Parsing relationship: /xl/worksheets/_rels/sheet1.xml.rels
22:51:19.407 [main] DEBUG org.apache.poi.openxml4j.opc.PackageRelationshipCollection - Parsing relationship: /_rels/.rels
22:51:19.440 [main] DEBUG org.apache.poi.openxml4j.opc.PackageRelationshipCollection - Parsing relationship: /xl/_rels/workbook.xml.rels
22:51:19.440 [main] DEBUG org.apache.poi.openxml4j.opc.PackageRelationshipCollection - Parsing relationship: /xl/worksheets/_rels/sheet1.xml.rels
22:51:19.440 [main] DEBUG org.apache.poi.openxml4j.opc.PackageRelationshipCollection - Parsing relationship: /_rels/.rels
22:51:19.473 [main] DEBUG org.apache.poi.openxml4j.opc.PackageRelationshipCollection - Parsing relationship: /xl/_rels/workbook.xml.rels
22:51:19.473 [main] DEBUG org.apache.poi.openxml4j.opc.PackageRelationshipCollection - Parsing relationship: /xl/worksheets/_rels/sheet1.xml.rels
22:51:19.490 [main] DEBUG org.apache.poi.openxml4j.opc.PackageRelationshipCollection - Parsing relationship: /_rels/.rels
22:51:19.523 [main] DEBUG org.apache.poi.openxml4j.opc.PackageRelationshipCollection - Parsing relationship: /xl/_rels/workbook.xml.rels
22:51:19.523 [main] DEBUG org.apache.poi.openxml4j.opc.PackageRelationshipCollection - Parsing relationship: /xl/worksheets/_rels/sheet1.xml.rels
22:51:19.523 [main] DEBUG org.apache.poi.openxml4j.opc.PackageRelationshipCollection - Parsing relationship: /_rels/.rels
22:51:19.568 [main] DEBUG org.apache.poi.openxml4j.opc.PackageRelationshipCollection - Parsing relationship: /xl/_rels/workbook.xml.rels
22:51:19.570 [main] DEBUG org.apache.poi.openxml4j.opc.PackageRelationshipCollection - Parsing relationship: /xl/worksheets/_rels/sheet1.xml.rels
22:51:19.570 [main] DEBUG org.apache.poi.openxml4j.opc.PackageRelationshipCollection - Parsing relationship: /_rels/.rels
22:51:19.606 [main] DEBUG org.apache.poi.openxml4j.opc.PackageRelationshipCollection - Parsing relationship: /xl/_rels/workbook.xml.rels
22:51:19.606 [main] DEBUG org.apache.poi.openxml4j.opc.PackageRelationshipCollection - Parsing relationship: /xl/worksheets/_rels/sheet1.xml.rels
22:51:19.606 [main] DEBUG org.apache.poi.openxml4j.opc.PackageRelationshipCollection - Parsing relationship: /_rels/.rels
22:51:19.646 [main] DEBUG org.apache.poi.openxml4j.opc.PackageRelationshipCollection - Parsing relationship: /xl/_rels/workbook.xml.rels
22:51:19.648 [main] DEBUG org.apache.poi.openxml4j.opc.PackageRelationshipCollection - Parsing relationship: /xl/worksheets/_rels/sheet1.xml.rels
22:51:19.648 [main] DEBUG org.apache.poi.openxml4j.opc.PackageRelationshipCollection - Parsing relationship: /_rels/.rels
22:51:19.673 [main] DEBUG org.apache.poi.openxml4j.opc.PackageRelationshipCollection - Parsing relationship: /xl/_rels/workbook.xml.rels
22:51:19.673 [main] DEBUG org.apache.poi.openxml4j.opc.PackageRelationshipCollection - Parsing relationship: /xl/worksheets/_rels/sheet1.xml.rels
22:51:19.673 [main] DEBUG org.apache.poi.openxml4j.opc.PackageRelationshipCollection - Parsing relationship: /_rels/.rels
22:51:19.729 [main] INFO  testCases.TC03_LoginDDT - Starting the TC03_LoginDDT
22:51:20.655 [main] INFO  testCases.TC03_LoginDDT - clicked on Login
22:51:20.656 [main] INFO  testCases.TC03_LoginDDT - providing values to the login fields
22:51:31.382 [main] INFO  testCases.TC03_LoginDDT - Starting the TC03_LoginDDT
22:51:41.428 [main] INFO  testCases.TC03_LoginDDT - Starting the TC03_LoginDDT
10:13:29.469 [main] DEBUG org.testng.TestNG - suiteXmlPath: "D:\Nikhil_Java\Selenium\testng.xml"
10:13:29.601 [main] INFO  org.testng.internal.Utils - [TestNG] Running:
  D:\Nikhil_Java\Selenium\testng.xml

10:13:32.518 [main] DEBUG org.apache.poi.openxml4j.opc.PackageRelationshipCollection - Parsing relationship: /xl/_rels/workbook.xml.rels
10:13:32.520 [main] DEBUG org.apache.poi.openxml4j.opc.PackageRelationshipCollection - Parsing relationship: /xl/worksheets/_rels/sheet1.xml.rels
10:13:32.521 [main] DEBUG org.apache.poi.openxml4j.opc.PackageRelationshipCollection - Parsing relationship: /_rels/.rels
10:13:32.906 [main] DEBUG org.apache.poi.openxml4j.opc.PackageRelationshipCollection - Parsing relationship: /xl/_rels/workbook.xml.rels
10:13:32.908 [main] DEBUG org.apache.poi.openxml4j.opc.PackageRelationshipCollection - Parsing relationship: /xl/worksheets/_rels/sheet1.xml.rels
10:13:32.908 [main] DEBUG org.apache.poi.openxml4j.opc.PackageRelationshipCollection - Parsing relationship: /_rels/.rels
10:13:32.925 [main] DEBUG org.apache.poi.openxml4j.opc.PackageRelationshipCollection - Parsing relationship: /xl/_rels/workbook.xml.rels
10:13:32.925 [main] DEBUG org.apache.poi.openxml4j.opc.PackageRelationshipCollection - Parsing relationship: /xl/worksheets/_rels/sheet1.xml.rels
10:13:32.925 [main] DEBUG org.apache.poi.openxml4j.opc.PackageRelationshipCollection - Parsing relationship: /_rels/.rels
10:13:32.944 [main] DEBUG org.apache.poi.openxml4j.opc.PackageRelationshipCollection - Parsing relationship: /xl/_rels/workbook.xml.rels
10:13:32.944 [main] DEBUG org.apache.poi.openxml4j.opc.PackageRelationshipCollection - Parsing relationship: /xl/worksheets/_rels/sheet1.xml.rels
10:13:32.944 [main] DEBUG org.apache.poi.openxml4j.opc.PackageRelationshipCollection - Parsing relationship: /_rels/.rels
10:13:32.958 [main] DEBUG org.apache.poi.openxml4j.opc.PackageRelationshipCollection - Parsing relationship: /xl/_rels/workbook.xml.rels
10:13:32.958 [main] DEBUG org.apache.poi.openxml4j.opc.PackageRelationshipCollection - Parsing relationship: /xl/worksheets/_rels/sheet1.xml.rels
10:13:32.958 [main] DEBUG org.apache.poi.openxml4j.opc.PackageRelationshipCollection - Parsing relationship: /_rels/.rels
10:13:32.973 [main] DEBUG org.apache.poi.openxml4j.opc.PackageRelationshipCollection - Parsing relationship: /xl/_rels/workbook.xml.rels
10:13:32.973 [main] DEBUG org.apache.poi.openxml4j.opc.PackageRelationshipCollection - Parsing relationship: /xl/worksheets/_rels/sheet1.xml.rels
10:13:32.973 [main] DEBUG org.apache.poi.openxml4j.opc.PackageRelationshipCollection - Parsing relationship: /_rels/.rels
10:13:32.989 [main] DEBUG org.apache.poi.openxml4j.opc.PackageRelationshipCollection - Parsing relationship: /xl/_rels/workbook.xml.rels
10:13:32.989 [main] DEBUG org.apache.poi.openxml4j.opc.PackageRelationshipCollection - Parsing relationship: /xl/worksheets/_rels/sheet1.xml.rels
10:13:32.989 [main] DEBUG org.apache.poi.openxml4j.opc.PackageRelationshipCollection - Parsing relationship: /_rels/.rels
10:13:32.996 [main] DEBUG org.apache.poi.openxml4j.opc.PackageRelationshipCollection - Parsing relationship: /xl/_rels/workbook.xml.rels
10:13:32.996 [main] DEBUG org.apache.poi.openxml4j.opc.PackageRelationshipCollection - Parsing relationship: /xl/worksheets/_rels/sheet1.xml.rels
10:13:32.996 [main] DEBUG org.apache.poi.openxml4j.opc.PackageRelationshipCollection - Parsing relationship: /_rels/.rels
10:13:33.015 [main] DEBUG org.apache.poi.openxml4j.opc.PackageRelationshipCollection - Parsing relationship: /xl/_rels/workbook.xml.rels
10:13:33.015 [main] DEBUG org.apache.poi.openxml4j.opc.PackageRelationshipCollection - Parsing relationship: /xl/worksheets/_rels/sheet1.xml.rels
10:13:33.017 [main] DEBUG org.apache.poi.openxml4j.opc.PackageRelationshipCollection - Parsing relationship: /_rels/.rels
10:13:33.028 [main] DEBUG org.apache.poi.openxml4j.opc.PackageRelationshipCollection - Parsing relationship: /xl/_rels/workbook.xml.rels
10:13:33.030 [main] DEBUG org.apache.poi.openxml4j.opc.PackageRelationshipCollection - Parsing relationship: /xl/worksheets/_rels/sheet1.xml.rels
10:13:33.030 [main] DEBUG org.apache.poi.openxml4j.opc.PackageRelationshipCollection - Parsing relationship: /_rels/.rels
10:13:33.041 [main] DEBUG org.apache.poi.openxml4j.opc.PackageRelationshipCollection - Parsing relationship: /xl/_rels/workbook.xml.rels
10:13:33.041 [main] DEBUG org.apache.poi.openxml4j.opc.PackageRelationshipCollection - Parsing relationship: /xl/worksheets/_rels/sheet1.xml.rels
10:13:33.041 [main] DEBUG org.apache.poi.openxml4j.opc.PackageRelationshipCollection - Parsing relationship: /_rels/.rels
10:13:33.063 [main] INFO  testCases.TC03_LoginDDT - Starting the TC03_LoginDDT
10:13:33.560 [main] INFO  testCases.TC03_LoginDDT - clicked on Login
10:13:33.560 [main] INFO  testCases.TC03_LoginDDT - providing values to the login fields
10:13:44.746 [main] INFO  testCases.TC03_LoginDDT - Starting the TC03_LoginDDT
10:13:44.753 [main] INFO  testCases.TC03_LoginDDT - Starting the TC03_LoginDDT
10:14:10.631 [main] DEBUG org.testng.TestNG - suiteXmlPath: "D:\Nikhil_Java\Selenium\testng.xml"
10:14:10.921 [main] INFO  org.testng.internal.Utils - [TestNG] Running:
  D:\Nikhil_Java\Selenium\testng.xml

10:14:16.064 [main] INFO  testCases.TC02_LoginTest - Starting TC02_LoginTest
10:14:16.834 [main] INFO  testCases.TC02_LoginTest - clicked on Login
10:14:16.834 [main] INFO  testCases.TC02_LoginTest - providing values to the login fields
10:14:37.477 [main] ERROR testCases.TC02_LoginTest - test failed..
10:14:37.477 [main] DEBUG testCases.TC02_LoginTest - debug logs..
10:15:59.059 [main] DEBUG org.testng.TestNG - suiteXmlPath: "D:\Nikhil_Java\Selenium\testng.xml"
10:15:59.330 [main] INFO  org.testng.internal.Utils - [TestNG] Running:
  D:\Nikhil_Java\Selenium\testng.xml

10:16:05.877 [main] INFO  testCases.TC02_LoginTest - Starting TC02_LoginTest
10:16:16.689 [main] INFO  testCases.TC02_LoginTest - clicked on Login
10:16:16.689 [main] INFO  testCases.TC02_LoginTest - providing values to the login fields
10:16:38.049 [main] ERROR testCases.TC02_LoginTest - test failed..
10:16:38.050 [main] DEBUG testCases.TC02_LoginTest - debug logs..
10:23:03.884 [main] DEBUG org.testng.TestNG - suiteXmlPath: "D:\Nikhil_Java\Selenium\testng.xml"
10:23:04.183 [main] INFO  org.testng.internal.Utils - [TestNG] Running:
  D:\Nikhil_Java\Selenium\testng.xml

10:23:07.847 [main] INFO  testCases.TC02_LoginTest - Starting TC02_LoginTest
10:23:08.386 [main] INFO  testCases.TC02_LoginTest - clicked on Login
10:23:08.386 [main] INFO  testCases.TC02_LoginTest - providing values to the login fields
10:23:20.127 [main] DEBUG org.testng.TestNG - suiteXmlPath: "D:\Nikhil_Java\Selenium\testng.xml"
10:23:20.377 [main] INFO  org.testng.internal.Utils - [TestNG] Running:
  D:\Nikhil_Java\Selenium\testng.xml

10:23:24.100 [main] INFO  testCases.TC02_LoginTest - Starting TC02_LoginTest
10:23:41.810 [main] DEBUG org.testng.TestNG - suiteXmlPath: "D:\Nikhil_Java\Selenium\testng.xml"
10:23:42.085 [main] INFO  org.testng.internal.Utils - [TestNG] Running:
  D:\Nikhil_Java\Selenium\testng.xml

10:24:52.375 [main] DEBUG org.testng.TestNG - suiteXmlPath: "D:\Nikhil_Java\Selenium\testng.xml"
10:24:52.659 [main] INFO  org.testng.internal.Utils - [TestNG] Running:
  D:\Nikhil_Java\Selenium\testng.xml

10:25:10.722 [main] INFO  testCases.TC02_LoginTest - Starting TC02_LoginTest
10:25:13.165 [main] INFO  testCases.TC02_LoginTest - clicked on Login
10:25:13.165 [main] INFO  testCases.TC02_LoginTest - providing values to the login fields
10:25:34.126 [main] ERROR testCases.TC02_LoginTest - test failed..
10:25:34.126 [main] DEBUG testCases.TC02_LoginTest - debug logs..
10:25:40.428 [main] DEBUG org.testng.TestNG - suiteXmlPath: "D:\Nikhil_Java\Selenium\testng.xml"
10:25:40.704 [main] INFO  org.testng.internal.Utils - [TestNG] Running:
  D:\Nikhil_Java\Selenium\testng.xml

10:25:57.931 [main] INFO  testCases.TC02_LoginTest - Starting TC02_LoginTest
10:26:01.532 [main] INFO  testCases.TC02_LoginTest - clicked on Login
10:26:01.532 [main] INFO  testCases.TC02_LoginTest - providing values to the login fields
10:26:13.050 [main] ERROR testCases.TC02_LoginTest - test failed..
10:26:13.050 [main] DEBUG testCases.TC02_LoginTest - debug logs..
11:49:54.721 [main] DEBUG org.testng.TestNG - suiteXmlPath: "D:\Nikhil_Java\Selenium\testng.xml"
11:49:54.970 [main] INFO  org.testng.internal.Utils - [TestNG] Running:
  D:\Nikhil_Java\Selenium\testng.xml

11:50:53.796 [main] INFO  testCases.TC02_LoginTest - Starting TC02_LoginTest
11:51:00.872 [main] INFO  testCases.TC02_LoginTest - clicked on Login
11:51:00.872 [main] INFO  testCases.TC02_LoginTest - providing values to the login fields
11:51:10.938 [main] ERROR testCases.TC02_LoginTest - test failed..
11:51:10.938 [main] DEBUG testCases.TC02_LoginTest - debug logs..
12:18:21.524 [main] DEBUG org.testng.TestNG - suiteXmlPath: "D:\Nikhil_Java\Selenium\groups.xml"
12:18:21.792 [main] INFO  org.testng.internal.Utils - [TestNG] Running:
  D:\Nikhil_Java\Selenium\groups.xml

12:18:45.617 [main] INFO  testCases.TC02_LoginTest - Starting TC02_LoginTest
12:18:55.278 [main] INFO  testCases.TC02_LoginTest - clicked on Login
12:18:55.281 [main] INFO  testCases.TC02_LoginTest - providing values to the login fields
12:19:46.415 [main] INFO  testCases.TC02_LoginTest - finished TC02_LoginTest
12:21:16.908 [main] DEBUG org.testng.TestNG - suiteXmlPath: "D:\Nikhil_Java\Selenium\groups.xml"
12:21:17.112 [main] INFO  org.testng.internal.Utils - [TestNG] Running:
  D:\Nikhil_Java\Selenium\groups.xml

12:22:31.593 [main] INFO  testCases.TC02_LoginTest - Starting TC02_LoginTest
12:22:34.182 [main] INFO  testCases.TC02_LoginTest - clicked on Login
12:22:34.182 [main] INFO  testCases.TC02_LoginTest - providing values to the login fields
12:22:44.255 [main] ERROR testCases.TC02_LoginTest - test failed..
12:22:44.255 [main] DEBUG testCases.TC02_LoginTest - debug logs..
12:22:53.706 [main] DEBUG org.testng.TestNG - suiteXmlPath: "D:\Nikhil_Java\Selenium\groups.xml"
12:22:53.926 [main] INFO  org.testng.internal.Utils - [TestNG] Running:
  D:\Nikhil_Java\Selenium\groups.xml

14:41:30.291 [main] DEBUG org.testng.TestNG - suiteXmlPath: "D:\Nikhil_Java\Selenium\groups.xml"
14:41:30.557 [main] INFO  org.testng.internal.Utils - [TestNG] Running:
  D:\Nikhil_Java\Selenium\groups.xml

14:41:37.585 [main] INFO  testCases.TC02_LoginTest - Starting TC02_LoginTest
14:41:38.774 [main] INFO  testCases.TC02_LoginTest - clicked on Login
14:41:38.774 [main] INFO  testCases.TC02_LoginTest - providing values to the login fields
14:41:59.497 [main] ERROR testCases.TC02_LoginTest - test failed..
14:41:59.497 [main] DEBUG testCases.TC02_LoginTest - debug logs..
14:48:56.345 [main] DEBUG org.testng.TestNG - suiteXmlPath: "D:\Nikhil_Java\Selenium\groups.xml"
14:48:56.623 [main] INFO  org.testng.internal.Utils - [TestNG] Running:
  D:\Nikhil_Java\Selenium\groups.xml

14:49:37.276 [main] INFO  testCases.TC_AccountRegistrationTest - Starting TC_AccountRegistrationTest 
14:49:44.668 [main] INFO  testCases.TC_AccountRegistrationTest - clicked on register link
14:49:44.668 [main] INFO  testCases.TC_AccountRegistrationTest - providing values to the registration fields
14:51:12.884 [main] DEBUG org.testng.TestNG - suiteXmlPath: "D:\Nikhil_Java\Selenium\groups.xml"
14:51:13.155 [main] INFO  org.testng.internal.Utils - [TestNG] Running:
  D:\Nikhil_Java\Selenium\groups.xml

14:52:00.884 [main] INFO  testCases.TC_AccountRegistrationTest - Starting TC_AccountRegistrationTest 
14:52:10.931 [main] INFO  testCases.TC_AccountRegistrationTest - clicked on register link
14:52:10.931 [main] INFO  testCases.TC_AccountRegistrationTest - providing values to the registration fields
14:53:07.461 [main] DEBUG org.testng.TestNG - suiteXmlPath: "D:\Nikhil_Java\Selenium\groups.xml"
14:53:07.746 [main] INFO  org.testng.internal.Utils - [TestNG] Running:
  D:\Nikhil_Java\Selenium\groups.xml

14:53:46.370 [main] INFO  testCases.TC_AccountRegistrationTest - Starting TC_AccountRegistrationTest 
14:53:52.429 [main] INFO  testCases.TC_AccountRegistrationTest - clicked on register link
14:53:52.436 [main] INFO  testCases.TC_AccountRegistrationTest - providing values to the registration fields
14:54:41.365 [main] DEBUG org.testng.TestNG - suiteXmlPath: "D:\Nikhil_Java\Selenium\groups.xml"
14:54:41.655 [main] INFO  org.testng.internal.Utils - [TestNG] Running:
  D:\Nikhil_Java\Selenium\groups.xml

14:54:45.544 [main] INFO  testCases.TC02_LoginTest - Starting TC02_LoginTest
14:54:46.446 [main] INFO  testCases.TC02_LoginTest - clicked on Login
14:54:46.446 [main] INFO  testCases.TC02_LoginTest - providing values to the login fields
14:54:56.512 [main] ERROR testCases.TC02_LoginTest - test failed..
14:54:56.512 [main] DEBUG testCases.TC02_LoginTest - debug logs..
14:55:14.768 [main] DEBUG org.testng.TestNG - suiteXmlPath: "D:\Nikhil_Java\Selenium\groups.xml"
14:55:15.066 [main] INFO  org.testng.internal.Utils - [TestNG] Running:
  D:\Nikhil_Java\Selenium\groups.xml

14:55:19.127 [main] INFO  testCases.TC02_LoginTest - Starting TC02_LoginTest
14:55:19.872 [main] INFO  testCases.TC02_LoginTest - clicked on Login
14:55:19.873 [main] INFO  testCases.TC02_LoginTest - providing values to the login fields
14:55:29.958 [main] ERROR testCases.TC02_LoginTest - test failed..
14:55:29.958 [main] DEBUG testCases.TC02_LoginTest - debug logs..
14:55:50.359 [main] DEBUG org.testng.TestNG - suiteXmlPath: "D:\Nikhil_Java\Selenium\groups.xml"
14:55:50.640 [main] INFO  org.testng.internal.Utils - [TestNG] Running:
  D:\Nikhil_Java\Selenium\groups.xml

14:55:54.451 [main] INFO  testCases.TC02_LoginTest - Starting TC02_LoginTest
14:55:55.527 [main] INFO  testCases.TC02_LoginTest - clicked on Login
14:55:55.527 [main] INFO  testCases.TC02_LoginTest - providing values to the login fields
14:56:16.273 [main] ERROR testCases.TC02_LoginTest - test failed..
14:56:16.273 [main] DEBUG testCases.TC02_LoginTest - debug logs..
14:56:39.251 [main] DEBUG org.testng.TestNG - suiteXmlPath: "D:\Nikhil_Java\Selenium\groups.xml"
14:56:39.521 [main] INFO  org.testng.internal.Utils - [TestNG] Running:
  D:\Nikhil_Java\Selenium\groups.xml

14:56:43.855 [main] INFO  testCases.TC02_LoginTest - Starting TC02_LoginTest
14:56:44.594 [main] INFO  testCases.TC02_LoginTest - clicked on Login
14:56:44.594 [main] INFO  testCases.TC02_LoginTest - providing values to the login fields
14:56:57.647 [main] ERROR testCases.TC02_LoginTest - test failed..
14:56:57.647 [main] DEBUG testCases.TC02_LoginTest - debug logs..
14:57:13.368 [main] DEBUG org.testng.TestNG - suiteXmlPath: "D:\Nikhil_Java\Selenium\groups.xml"
14:57:13.660 [main] INFO  org.testng.internal.Utils - [TestNG] Running:
  D:\Nikhil_Java\Selenium\groups.xml

14:57:18.056 [main] INFO  testCases.TC02_LoginTest - Starting TC02_LoginTest
14:57:19.180 [main] INFO  testCases.TC02_LoginTest - clicked on Login
14:57:19.181 [main] INFO  testCases.TC02_LoginTest - providing values to the login fields
14:57:37.528 [main] ERROR testCases.TC02_LoginTest - test failed..
14:57:37.528 [main] DEBUG testCases.TC02_LoginTest - debug logs..
